objc[25778]: Class NSURLSessionDelegate is implemented in both /Applications/Xcode.app/Contents/Developer/Platforms/iPhoneOS.platform/Library/Developer/CoreSimulator/Profiles/Runtimes/iOS.simruntime/Contents/Resources/RuntimeRoot/System/Library/PrivateFrameworks/NetworkServiceProxy.framework/NetworkServiceProxy (0x7fff87c202d8) and /Users/psargent/Library/Developer/CoreSimulator/Devices/BFE9D542-416A-4C63-AD7D-8797CB9B8401/data/Containers/Bundle/Application/F9C1CB42-9707-4E06-8851-718118298FE7/Hello_MultiScreen_iPhone.app/Hello_MultiScreen_iPhone (0x108695160). One of the two will be used. Which one is undefined.
MonoTouch: Could not install sigaction override, unexpected sigaction implementation.
2022-07-16 14:09:51.160264-0700 Hello_MultiScreen_iPhone[25778:3817785] SecTaskLoadEntitlements failed error=22 cs_flags=200, pid=25778
2022-07-16 14:09:51.160567-0700 Hello_MultiScreen_iPhone[25778:3817785] SecTaskCopyDebugDescription: Hello_MultiScree[25778]/0#-1 LF=0
2022-07-16 14:09:51.169135-0700 Hello_MultiScreen_iPhone[25778:3817785] SecTaskLoadEntitlements failed error=22 cs_flags=200, pid=25778
2022-07-16 14:09:51.169596-0700 Hello_MultiScreen_iPhone[25778:3817785] SecTaskCopyDebugDescription: Hello_MultiScree[25778]/0#-1 LF=0
2022-07-16 14:09:51.224805-0700 Hello_MultiScreen_iPhone[25778:3817785] SecTaskLoadEntitlements failed error=22 cs_flags=200, pid=25778
2022-07-16 14:09:51.225088-0700 Hello_MultiScreen_iPhone[25778:3817785] SecTaskCopyDebugDescription: Hello_MultiScree[25778]/0#-1 LF=0
2022-07-16 14:09:51.301977-0700 Hello_MultiScreen_iPhone[25778:3817834] [unspecified] container_system_group_path_for_identifier: error = ((container_error_t)98) NOT_CODESIGNED
2022-07-16 14:09:51.302105-0700 Hello_MultiScreen_iPhone[25778:3817834] [MC] Error getting system group container for systemgroup.com.apple.configurationprofiles: 98
2022-07-16 14:09:51.302469-0700 Hello_MultiScreen_iPhone[25778:3817834] [MC] Failed to get profile system group container path. Overriding with expected path: /Users/psargent/Library/Developer/CoreSimulator/Devices/BFE9D542-416A-4C63-AD7D-8797CB9B8401/data/Containers/Shared/SystemGroup/systemgroup.com.apple.configurationprofiles
2022-07-16 14:09:51.378880-0700 Hello_MultiScreen_iPhone[25778:3817785] <Google> To get test ads on this device, set: 
Objective-C
	GADMobileAds.sharedInstance.requestConfiguration.testDeviceIdentifiers = @[ GADSimulatorID ];
Swift
	GADMobileAds.sharedInstance().requestConfiguration.testDeviceIdentifiers = [ GADSimulatorID ]
2022-07-16 14:09:51.401499-0700 Hello_MultiScreen_iPhone[25778:3817833] [Client] Synchronous remote object proxy returned error: Error Domain=NSCocoaErrorDomain Code=4099 "The connection to service named com.apple.commcenter.coretelephony.xpc was invalidated: failed at lookup with error 3 - No such process." UserInfo={NSDebugDescription=The connection to service named com.apple.commcenter.coretelephony.xpc was invalidated: failed at lookup with error 3 - No such process.}
2022-07-16 14:09:51.401537-0700 Hello_MultiScreen_iPhone[25778:3817898] [Client] Updating selectors failed with: Error Domain=NSCocoaErrorDomain Code=4099 "The connection to service named com.apple.commcenter.coretelephony.xpc was invalidated: failed at lookup with error 3 - No such process." UserInfo={NSDebugDescription=The connection to service named com.apple.commcenter.coretelephony.xpc was invalidated: failed at lookup with error 3 - No such process.}
2022-07-16 14:09:51.402037-0700 Hello_MultiScreen_iPhone[25778:3817897] [Client] Updating selectors failed with: Error Domain=NSCocoaErrorDomain Code=4099 "The connection to service named com.apple.commcenter.coretelephony.xpc was invalidated: failed at lookup with error 3 - No such process." UserInfo={NSDebugDescription=The connection to service named com.apple.commcenter.coretelephony.xpc was invalidated: failed at lookup with error 3 - No such process.}
2022-07-16 14:09:51.402214-0700 Hello_MultiScreen_iPhone[25778:3817833] [Client] Synchronous remote object proxy returned error: Error Domain=NSCocoaErrorDomain Code=4099 "The connection to service named com.apple.commcenter.coretelephony.xpc was invalidated: failed at lookup with error 3 - No such process." UserInfo={NSDebugDescription=The connection to service named com.apple.commcenter.coretelephony.xpc was invalidated: failed at lookup with error 3 - No such process.}
2022-07-16 14:09:51.403276-0700 Hello_MultiScreen_iPhone[25778:3817833] [Client] Synchronous remote object proxy returned error: Error Domain=NSCocoaErrorDomain Code=4099 "The connection to service named com.apple.commcenter.coretelephony.xpc was invalidated: failed at lookup with error 3 - No such process." UserInfo={NSDebugDescription=The connection to service named com.apple.commcenter.coretelephony.xpc was invalidated: failed at lookup with error 3 - No such process.}
2022-07-16 14:09:51.403889-0700 Hello_MultiScreen_iPhone[25778:3817898] [Client] Updating selectors failed with: Error Domain=NSCocoaErrorDomain Code=4099 "The connection to service named com.apple.commcenter.coretelephony.xpc was invalidated: failed at lookup with error 3 - No such process." UserInfo={NSDebugDescription=The connection to service named com.apple.commcenter.coretelephony.xpc was invalidated: failed at lookup with error 3 - No such process.}
2022-07-16 14:09:51.410060-0700 Hello_MultiScreen_iPhone[25778:3817898] [Client] Updating selectors failed with: Error Domain=NSCocoaErrorDomain Code=4099 "The connection to service named com.apple.commcenter.coretelephony.xpc was invalidated: failed at lookup with error 3 - No such process." UserInfo={NSDebugDescription=The connection to service named com.apple.commcenter.coretelephony.xpc was invalidated: failed at lookup with error 3 - No such process.}
2022-07-16 14:09:51.414836-0700 Hello_MultiScreen_iPhone[25778:3817898] [Client] Updating selectors after delegate addition failed with: Error Domain=NSCocoaErrorDomain Code=4099 "The connection to service named com.apple.commcenter.coretelephony.xpc was invalidated: failed at lookup with error 3 - No such process." UserInfo={NSDebugDescription=The connection to service named com.apple.commcenter.coretelephony.xpc was invalidated: failed at lookup with error 3 - No such process.}
2022-07-16 14:09:51.430075-0700 Hello_MultiScreen_iPhone[25778:3817834] SecTaskLoadEntitlements failed error=22 cs_flags=200, pid=25778
2022-07-16 14:09:51.430480-0700 Hello_MultiScreen_iPhone[25778:3817834] SecTaskCopyDebugDescription: Hello_MultiScree[25778]/0#-1 LF=0
2022-07-16 14:09:51.441726-0700 Hello_MultiScreen_iPhone[25778:3817785] SecTaskLoadEntitlements failed error=22 cs_flags=200, pid=25778
2022-07-16 14:09:51.442008-0700 Hello_MultiScreen_iPhone[25778:3817785] SecTaskCopyDebugDescription: Hello_MultiScree[25778]/0#-1 LF=0
2022-07-16 14:09:51.442284-0700 Hello_MultiScreen_iPhone[25778:3817785] SecTaskLoadEntitlements failed error=22 cs_flags=200, pid=25778
2022-07-16 14:09:51.442512-0700 Hello_MultiScreen_iPhone[25778:3817785] SecTaskCopyDebugDescription: Hello_MultiScree[25778]/0#-1 LF=0
2022-07-16 14:09:51.763236-0700 Hello_MultiScreen_iPhone[25778:3817785] SecTaskLoadEntitlements failed error=22 cs_flags=200, pid=25778
2022-07-16 14:09:51.763533-0700 Hello_MultiScreen_iPhone[25778:3817785] SecTaskCopyDebugDescription: Hello_MultiScree[25778]/0#-1 LF=0
2022-07-16 14:09:51.763819-0700 Hello_MultiScreen_iPhone[25778:3817785] SecTaskLoadEntitlements failed error=22 cs_flags=200, pid=25778
2022-07-16 14:09:51.764078-0700 Hello_MultiScreen_iPhone[25778:3817785] SecTaskCopyDebugDescription: Hello_MultiScree[25778]/0#-1 LF=0
2022-07-16 14:09:51.768405-0700 Hello_MultiScreen_iPhone[25778:3817785] SecTaskLoadEntitlements failed error=22 cs_flags=200, pid=25778
2022-07-16 14:09:51.768695-0700 Hello_MultiScreen_iPhone[25778:3817785] SecTaskCopyDebugDescription: Hello_MultiScree[25778]/0#-1 LF=0
2022-07-16 14:09:51.800717-0700 Hello_MultiScreen_iPhone[25778:3817785] [plugin] AddInstanceForFactory: No factory registered for id <CFUUID 0x600000140580> F8BB1C28-BAE8-11D6-9C31-00039315CD46
2022-07-16 14:09:51.839300-0700 Hello_MultiScreen_iPhone[25778:3817924] SecTaskLoadEntitlements failed error=22 cs_flags=200, pid=25778
2022-07-16 14:09:51.839651-0700 Hello_MultiScreen_iPhone[25778:3817924] SecTaskCopyDebugDescription: Hello_MultiScree[25778]/0#-1 LF=0
2022-07-16 14:09:51.886980-0700 Hello_MultiScreen_iPhone[25778:3817785] [UIFocus] Failed to update focus with context <UIFocusUpdateContext: 0x6000031f4b40: previouslyFocusedItem=(null), nextFocusedItem=(null), focusHeading=None>. No additional info available.
2022-07-16 14:09:52.003887-0700 Hello_MultiScreen_iPhone[25778:3817785] [unspecified] container_system_group_path_for_identifier: error = ((container_error_t)98) NOT_CODESIGNED
2022-07-16 14:09:52.328118-0700 Hello_MultiScreen_iPhone[25778:3817785] [UIFocus] Failed to update focus with context <UIFocusUpdateContext: 0x6000031c0aa0: previouslyFocusedItem=(null), nextFocusedItem=(null), focusHeading=None>. No additional info available.
2022-07-16 14:09:52.380123-0700 Hello_MultiScreen_iPhone[25778:3817785] [UIFocus] Failed to update focus with context <UIFocusUpdateContext: 0x6000031f4c80: previouslyFocusedItem=(null), nextFocusedItem=(null), focusHeading=None>. No additional info available.
2022-07-16 14:09:52.547128-0700 Hello_MultiScreen_iPhone[25778:3817884] SecTaskLoadEntitlements failed error=22 cs_flags=200, pid=25778
2022-07-16 14:09:52.547428-0700 Hello_MultiScreen_iPhone[25778:3817884] SecTaskCopyDebugDescription: Hello_MultiScree[25778]/0#-1 LF=0
2022-07-16 14:09:52.548223-0700 Hello_MultiScreen_iPhone[25778:3817884] SecTaskLoadEntitlements failed error=22 cs_flags=200, pid=25778
2022-07-16 14:09:52.548735-0700 Hello_MultiScreen_iPhone[25778:3817884] SecTaskCopyDebugDescription: Hello_MultiScree[25778]/0#-1 LF=0
2022-07-16 14:09:52.600026-0700 Hello_MultiScreen_iPhone[25778:3817924] 8.10.0 - <AppMeasurement>[I-ACS025027] Deferring to Google Analytics for Firebase for event data collection. https://goo.gl/YNbdK2
2022-07-16 14:09:52.621101-0700 Hello_MultiScreen_iPhone[25778:3817896] [boringssl] boringssl_metrics_log_metric_block_invoke(153) Failed to log metrics
2022-07-16 14:09:52.926481-0700 Hello_MultiScreen_iPhone[25778:3817785] SecTaskLoadEntitlements failed error=22 cs_flags=200, pid=25778
2022-07-16 14:09:52.926757-0700 Hello_MultiScreen_iPhone[25778:3817785] SecTaskCopyDebugDescription: Hello_MultiScree[25778]/0#-1 LF=0
2022-07-16 14:09:52.926982-0700 Hello_MultiScreen_iPhone[25778:3817785] SecTaskLoadEntitlements failed error=22 cs_flags=200, pid=25778
2022-07-16 14:09:52.927216-0700 Hello_MultiScreen_iPhone[25778:3817785] SecTaskCopyDebugDescription: Hello_MultiScree[25778]/0#-1 LF=0
2022-07-16 14:09:52.930073-0700 Hello_MultiScreen_iPhone[25778:3817785] SecTaskLoadEntitlements failed error=22 cs_flags=200, pid=25778
2022-07-16 14:09:52.930361-0700 Hello_MultiScreen_iPhone[25778:3817785] SecTaskCopyDebugDescription: Hello_MultiScree[25778]/0#-1 LF=0
2022-07-16 14:09:52.940529-0700 Hello_MultiScreen_iPhone[25778:3817785] [UIFocus] Failed to update focus with context <UIFocusUpdateContext: 0x6000031f0e60: previouslyFocusedItem=(null), nextFocusedItem=(null), focusHeading=None>. No additional info available.
2022-07-16 14:09:53.080605-0700 Hello_MultiScreen_iPhone[25778:3817785] [UIFocus] Failed to update focus with context <UIFocusUpdateContext: 0x6000031cd7c0: previouslyFocusedItem=(null), nextFocusedItem=(null), focusHeading=None>. No additional info available.
2022-07-16 14:09:53.508952-0700 Hello_MultiScreen_iPhone[25778:3817785] SecTaskLoadEntitlements failed error=22 cs_flags=200, pid=25778
2022-07-16 14:09:53.509196-0700 Hello_MultiScreen_iPhone[25778:3817785] SecTaskCopyDebugDescription: Hello_MultiScree[25778]/0#-1 LF=0
2022-07-16 14:09:53.573745-0700 Hello_MultiScreen_iPhone[25778:3817897] [boringssl] boringssl_metrics_log_metric_block_invoke(153) Failed to log metrics
2022-07-16 14:09:53.667334-0700 Hello_MultiScreen_iPhone[25778:3817785] [UIFocus] Failed to update focus with context <UIFocusUpdateContext: 0x6000031c2e40: previouslyFocusedItem=(null), nextFocusedItem=(null), focusHeading=None>. No addit